[debug] [2018-10-05T04:46:20.616Z] ----------------------------------------------------------------------
[debug] [2018-10-05T04:46:20.618Z] Command:       /usr/local/bin/node /usr/local/bin/firebase serve --only functions
[debug] [2018-10-05T04:46:20.619Z] CLI Version:   5.0.0
[debug] [2018-10-05T04:46:20.619Z] Platform:      darwin
[debug] [2018-10-05T04:46:20.619Z] Node Version:  v10.10.0
[debug] [2018-10-05T04:46:20.620Z] Time:          Fri Oct 05 2018 01:46:20 GMT-0300 (Brasilia Standard Time)
[debug] [2018-10-05T04:46:20.620Z] ----------------------------------------------------------------------
[debug] 
[debug] [2018-10-05T04:46:20.629Z] > command requires scopes: ["email","openid","https://www.googleapis.com/auth/cloudplatformprojects.readonly","https://www.googleapis.com/auth/firebase","https://www.googleapis.com/auth/cloud-platform"]
[debug] [2018-10-05T04:46:20.629Z] > authorizing via signed-in user
[debug] [2018-10-05T04:46:20.629Z] [iam] checking project running-book for permissions ["firebase.projects.get"]
[debug] [2018-10-05T04:46:20.631Z] > refreshing access token with scopes: ["email","https://www.googleapis.com/auth/cloud-platform","https://www.googleapis.com/auth/cloudplatformprojects.readonly","https://www.googleapis.com/auth/firebase","openid"]
[debug] [2018-10-05T04:46:20.631Z] >>> HTTP REQUEST POST https://www.googleapis.com/oauth2/v3/token  
 <request body omitted>
[debug] [2018-10-05T04:46:20.928Z] <<< HTTP RESPONSE 200
[debug] [2018-10-05T04:46:20.947Z] >>> HTTP REQUEST POST https://cloudresourcemanager.googleapis.com/v1/projects/running-book:testIamPermissions  

[debug] [2018-10-05T04:46:21.992Z] <<< HTTP RESPONSE 200
[debug] [2018-10-05T04:46:21.994Z] >>> HTTP REQUEST GET https://cloudresourcemanager.googleapis.com/v1/projects/running-book  
 
[debug] [2018-10-05T04:46:23.035Z] <<< HTTP RESPONSE 200
[info] 
[info] === Serving from '/Users/sap/Documents/College/Projects/RunningBook'...
[info] 
[debug] [2018-10-05T04:46:24.344Z] Error: EACCES: permission denied, mkdir '/usr/local/lib/node_modules/firebase-tools/node_modules/@google-cloud/functions-emulator/logs'
    at Object.mkdirSync (fs.js:731:3)
    at Object.assertLogsPath (/usr/local/lib/node_modules/firebase-tools/node_modules/@google-cloud/functions-emulator/src/emulator/logs.js:65:10)
    at new Controller (/usr/local/lib/node_modules/firebase-tools/node_modules/@google-cloud/functions-emulator/src/cli/controller.js:77:32)
    at FunctionsEmulator.start (/usr/local/lib/node_modules/firebase-tools/lib/functionsEmulator.js:113:21)
    at Object.start (/usr/local/lib/node_modules/firebase-tools/lib/serve/functions.js:9:29)
    at /usr/local/lib/node_modules/firebase-tools/lib/serve/index.js:17:21
    at arrayMap (/usr/local/lib/node_modules/firebase-tools/node_modules/lodash/lodash.js:639:23)
    at Function.map (/usr/local/lib/node_modules/firebase-tools/node_modules/lodash/lodash.js:9556:14)
    at _serve (/usr/local/lib/node_modules/firebase-tools/lib/serve/index.js:15:7)
    at Command._action (/usr/local/lib/node_modules/firebase-tools/commands/serve.js:47:12)
[error] 
[error] Error: An unexpected error has occurred.
[debug] [2018-10-05T04:46:59.684Z] ----------------------------------------------------------------------
[debug] [2018-10-05T04:46:59.686Z] Command:       /usr/local/bin/node /usr/local/bin/firebase serve --only functions
[debug] [2018-10-05T04:46:59.686Z] CLI Version:   5.0.0
[debug] [2018-10-05T04:46:59.686Z] Platform:      darwin
[debug] [2018-10-05T04:46:59.686Z] Node Version:  v10.10.0
[debug] [2018-10-05T04:46:59.687Z] Time:          Fri Oct 05 2018 01:46:59 GMT-0300 (Brasilia Standard Time)
[debug] [2018-10-05T04:46:59.687Z] ----------------------------------------------------------------------
[debug] 
[debug] [2018-10-05T04:46:59.697Z] > command requires scopes: ["email","openid","https://www.googleapis.com/auth/cloudplatformprojects.readonly","https://www.googleapis.com/auth/firebase","https://www.googleapis.com/auth/cloud-platform"]
[debug] [2018-10-05T04:46:59.697Z] > authorizing via signed-in user
[debug] [2018-10-05T04:46:59.697Z] [iam] checking project running-book for permissions ["firebase.projects.get"]
[debug] [2018-10-05T04:46:59.699Z] >>> HTTP REQUEST POST https://cloudresourcemanager.googleapis.com/v1/projects/running-book:testIamPermissions  

[debug] [2018-10-05T04:47:00.757Z] <<< HTTP RESPONSE 200
[debug] [2018-10-05T04:47:00.759Z] >>> HTTP REQUEST GET https://cloudresourcemanager.googleapis.com/v1/projects/running-book  
 
[debug] [2018-10-05T04:47:01.738Z] <<< HTTP RESPONSE 200
[info] 
[info] === Serving from '/Users/sap/Documents/College/Projects/RunningBook'...
[info] 
[debug] [2018-10-05T04:47:02.498Z] Error: EACCES: permission denied, mkdir '/usr/local/lib/node_modules/firebase-tools/node_modules/@google-cloud/functions-emulator/logs'
    at Object.mkdirSync (fs.js:731:3)
    at Object.assertLogsPath (/usr/local/lib/node_modules/firebase-tools/node_modules/@google-cloud/functions-emulator/src/emulator/logs.js:65:10)
    at new Controller (/usr/local/lib/node_modules/firebase-tools/node_modules/@google-cloud/functions-emulator/src/cli/controller.js:77:32)
    at FunctionsEmulator.start (/usr/local/lib/node_modules/firebase-tools/lib/functionsEmulator.js:113:21)
    at Object.start (/usr/local/lib/node_modules/firebase-tools/lib/serve/functions.js:9:29)
    at /usr/local/lib/node_modules/firebase-tools/lib/serve/index.js:17:21
    at arrayMap (/usr/local/lib/node_modules/firebase-tools/node_modules/lodash/lodash.js:639:23)
    at Function.map (/usr/local/lib/node_modules/firebase-tools/node_modules/lodash/lodash.js:9556:14)
    at _serve (/usr/local/lib/node_modules/firebase-tools/lib/serve/index.js:15:7)
    at Command._action (/usr/local/lib/node_modules/firebase-tools/commands/serve.js:47:12)
[error] 
[error] Error: An unexpected error has occurred.
